<?xml version="1.0" encoding="UTF-8"?>
<!-- Generated by org.testng.reporters.JUnitXMLReporter -->
<testsuite ignored="0" hostname="LTIN317679" failures="1" tests="3" name="StandAloneTest" time="138.022" errors="0" timestamp="2024-07-01T12:08:44 IST">
  <testcase classname="SeleniumFramework.Tests.StandAloneTestforpageobjectTest" name="StandAloneTestforpageobject" time="8.614"/>
  <testcase classname="SeleniumFramework.Tests.StandAloneTestforpageobjectTest" name="StandAloneTestforpageobject" time="9.125"/>
  <testcase classname="SeleniumFramework.Tests.StandAloneTestforpageobjectTest" name="orderHistoryTest" time="0.003">
    <failure type="java.lang.Error" message="Unresolved compilation problem: 
	productName cannot be resolved to a variable
">
      <![CDATA[java.lang.Error: Unresolved compilation problem: 
productName cannot be resolved to a variable

at SeleniumFramework.Tests.StandAloneTestforpageobjectTest.orderHistoryTest(StandAloneTestforpageobjectTest.java:61)
at java.base/java.util.ArrayList.forEach(ArrayList.java:1511)
... Removed 25 stack frames]]>
    </failure>
  </testcase> <!-- orderHistoryTest -->
</testsuite> <!-- StandAloneTest -->
