<?xml version="1.0" encoding="UTF-8"?>
<!-- Generated by org.testng.reporters.JUnitXMLReporter -->
<testsuite ignored="2" hostname="LTIN317679" failures="0" tests="0" time="0.021" errors="0" timestamp="2024-07-10T15:49:11 IST">
  <testcase classname="SeleniumFramework.Tests.StandAloneTestforpageobjectTest" name="StandAloneTestforpageobject" time="0.0">
    <ignored/>
  </testcase> <!-- StandAloneTestforpageobject -->
  <testcase classname="SeleniumFramework.Tests.StandAloneTestforpageobjectTest" name="orderHistoryTest" time="0.0">
    <ignored/>
  </testcase> <!-- orderHistoryTest -->
</testsuite>
