<?xml version="1.0" encoding="UTF-8"?>
<!-- Generated by org.testng.reporters.JUnitXMLReporter -->
<testsuite ignored="1" hostname="LTIN317679" failures="0" tests="2" name="StandAlone Test" time="61.984" errors="0" timestamp="2024-07-06T18:13:41 IST">
  <testcase classname="SeleniumFramework.Tests.StandAloneTestforpageobjectTest" name="StandAloneTestforpageobject" time="24.532"/>
  <testcase classname="SeleniumFramework.Tests.StandAloneTestforpageobjectTest" name="StandAloneTestforpageobject" time="24.36"/>
  <testcase classname="SeleniumFramework.Tests.StandAloneTestforpageobjectTest" name="orderHistoryTest" time="0.0">
    <ignored/>
  </testcase> <!-- orderHistoryTest -->
</testsuite> <!-- StandAlone Test -->
