<?xml version="1.0" encoding="UTF-8"?>
<!-- Generated by org.testng.reporters.JUnitXMLReporter -->
<testsuite ignored="2" hostname="LTIN317679" failures="0" tests="0" time="0.018" errors="0" timestamp="2024-07-15T14:35:08 IST">
  <testcase classname="SeleniumFramework.Tests.ErrorValidationTest" name="productErrorValidation" time="0.0">
    <ignored/>
  </testcase> <!-- productErrorValidation -->
  <testcase classname="SeleniumFramework.Tests.ErrorValidationTest" name="LoginErrorValidation" time="0.0">
    <ignored/>
  </testcase> <!-- LoginErrorValidation -->
</testsuite>
