<?xml version="1.0" encoding="UTF-8"?>
<!-- Generated by org.testng.reporters.JUnitXMLReporter -->
<testsuite ignored="1" hostname="LTIN317679" failures="0" tests="2" name="StandAlone Test" time="76.778" errors="0" timestamp="2024-07-15T14:36:25 IST">
  <testcase classname="SeleniumFramework.Tests.StandAloneTestforpageobjectTest" name="StandAloneTestforpageobject" time="25.875"/>
  <testcase classname="SeleniumFramework.Tests.StandAloneTestforpageobjectTest" name="StandAloneTestforpageobject" time="25.628"/>
  <testcase classname="SeleniumFramework.Tests.StandAloneTestforpageobjectTest" name="orderHistoryTest" time="0.0">
    <ignored/>
  </testcase> <!-- orderHistoryTest -->
</testsuite> <!-- StandAlone Test -->
