<?xml version="1.0" encoding="UTF-8"?>
<testng-results ignored="0" total="2" passed="2" failed="0" skipped="0">
  <reporter-output>
  </reporter-output>
  <suite started-at="2024-07-15T14:35:08 IST" name="Suite" finished-at="2024-07-15T14:36:25 IST" duration-ms="76778">
    <groups>
      <group name="Purchase">
        <method signature="StandAloneTestforpageobjectTest.StandAloneTestforpageobject(java.util.HashMap)[pri:0, instance:SeleniumFramework.Tests.StandAloneTestforpageobjectTest@43bc63a3]" name="StandAloneTestforpageobject" class="SeleniumFramework.Tests.StandAloneTestforpageobjectTest"/>
      </group> <!-- Purchase -->
    </groups>
    <test started-at="2024-07-15T14:35:08 IST" name="Error Validation Test" finished-at="2024-07-15T14:35:08 IST" duration-ms="18">
    </test> <!-- Error Validation Test -->
    <test started-at="2024-07-15T14:35:08 IST" name="StandAlone Test" finished-at="2024-07-15T14:36:25 IST" duration-ms="76778">
      <class name="SeleniumFramework.Tests.StandAloneTestforpageobjectTest">
        <test-method is-config="true" signature="launchApplication()[pri:0, instance:SeleniumFramework.Tests.StandAloneTestforpageobjectTest@43bc63a3]" started-at="2024-07-15T14:35:08 IST" name="launchApplication" finished-at="2024-07-15T14:35:21 IST" duration-ms="12367" status="PASS">
          <reporter-output>
          </reporter-output>
        </test-method> <!-- launchApplication -->
        <test-method signature="StandAloneTestforpageobject(java.util.HashMap)[pri:0, instance:SeleniumFramework.Tests.StandAloneTestforpageobjectTest@43bc63a3]" started-at="2024-07-15T14:35:21 IST" name="StandAloneTestforpageobject" data-provider="getData" finished-at="2024-07-15T14:35:47 IST" duration-ms="25875" status="PASS">
          <params>
            <param index="0">
              <value>
                <![CDATA[{password=@Samkumar1418, email=shashikhmouli@gmail.com, productName=ZARA COAT 3}]]>
              </value>
            </param>
          </params>
          <reporter-output>
          </reporter-output>
        </test-method> <!-- StandAloneTestforpageobject -->
        <test-method is-config="true" signature="teardown()[pri:0, instance:SeleniumFramework.Tests.StandAloneTestforpageobjectTest@43bc63a3]" started-at="2024-07-15T14:35:47 IST" name="teardown" finished-at="2024-07-15T14:35:49 IST" duration-ms="2019" status="PASS">
          <reporter-output>
          </reporter-output>
        </test-method> <!-- teardown -->
        <test-method is-config="true" signature="launchApplication()[pri:0, instance:SeleniumFramework.Tests.StandAloneTestforpageobjectTest@43bc63a3]" started-at="2024-07-15T14:35:49 IST" name="launchApplication" finished-at="2024-07-15T14:35:57 IST" duration-ms="8189" status="PASS">
          <reporter-output>
          </reporter-output>
        </test-method> <!-- launchApplication -->
        <test-method signature="StandAloneTestforpageobject(java.util.HashMap)[pri:0, instance:SeleniumFramework.Tests.StandAloneTestforpageobjectTest@43bc63a3]" started-at="2024-07-15T14:35:57 IST" name="StandAloneTestforpageobject" data-provider="getData" finished-at="2024-07-15T14:36:22 IST" duration-ms="25628" status="PASS">
          <params>
            <param index="0">
              <value>
                <![CDATA[{password=Samkumar@1814, email=Shankar@gmail.com, productName=ADIDAS ORIGINAL}]]>
              </value>
            </param>
          </params>
          <reporter-output>
          </reporter-output>
        </test-method> <!-- StandAloneTestforpageobject -->
        <test-method is-config="true" signature="teardown()[pri:0, instance:SeleniumFramework.Tests.StandAloneTestforpageobjectTest@43bc63a3]" started-at="2024-07-15T14:36:22 IST" name="teardown" finished-at="2024-07-15T14:36:25 IST" duration-ms="2180" status="PASS">
          <reporter-output>
          </reporter-output>
        </test-method> <!-- teardown -->
      </class> <!-- SeleniumFramework.Tests.StandAloneTestforpageobjectTest -->
    </test> <!-- StandAlone Test -->
  </suite> <!-- Suite -->
</testng-results>
