<?xml version="1.0" encoding="UTF-8"?>
<testng-results ignored="0" total="2" passed="2" failed="0" skipped="0">
  <reporter-output>
  </reporter-output>
  <suite started-at="2024-07-06T18:12:39 IST" name="Suite" finished-at="2024-07-06T18:13:41 IST" duration-ms="61984">
    <groups>
      <group name="Purchase">
        <method signature="StandAloneTestforpageobjectTest.StandAloneTestforpageobject(java.util.HashMap)[pri:0, instance:SeleniumFramework.Tests.StandAloneTestforpageobjectTest@4d15107f]" name="StandAloneTestforpageobject" class="SeleniumFramework.Tests.StandAloneTestforpageobjectTest"/>
      </group> <!-- Purchase -->
    </groups>
    <test started-at="2024-07-06T18:12:39 IST" name="Error Validation Test" finished-at="2024-07-06T18:12:39 IST" duration-ms="15">
    </test> <!-- Error Validation Test -->
    <test started-at="2024-07-06T18:12:39 IST" name="StandAlone Test" finished-at="2024-07-06T18:13:41 IST" duration-ms="61984">
      <class name="SeleniumFramework.Tests.StandAloneTestforpageobjectTest">
        <test-method is-config="true" signature="launchApplication()[pri:0, instance:SeleniumFramework.Tests.StandAloneTestforpageobjectTest@4d15107f]" started-at="2024-07-06T18:12:39 IST" name="launchApplication" finished-at="2024-07-06T18:12:43 IST" duration-ms="3878" status="PASS">
          <reporter-output>
          </reporter-output>
        </test-method> <!-- launchApplication -->
        <test-method signature="StandAloneTestforpageobject(java.util.HashMap)[pri:0, instance:SeleniumFramework.Tests.StandAloneTestforpageobjectTest@4d15107f]" started-at="2024-07-06T18:12:43 IST" name="StandAloneTestforpageobject" data-provider="getData" finished-at="2024-07-06T18:13:07 IST" duration-ms="24532" status="PASS">
          <params>
            <param index="0">
              <value>
                <![CDATA[{password=@Samkumar1418, email=shashikhmouli@gmail.com, productName=ZARA COAT 3}]]>
              </value>
            </param>
          </params>
          <reporter-output>
          </reporter-output>
        </test-method> <!-- StandAloneTestforpageobject -->
        <test-method is-config="true" signature="teardown()[pri:0, instance:SeleniumFramework.Tests.StandAloneTestforpageobjectTest@4d15107f]" started-at="2024-07-06T18:13:07 IST" name="teardown" finished-at="2024-07-06T18:13:09 IST" duration-ms="1805" status="PASS">
          <reporter-output>
          </reporter-output>
        </test-method> <!-- teardown -->
        <test-method is-config="true" signature="launchApplication()[pri:0, instance:SeleniumFramework.Tests.StandAloneTestforpageobjectTest@4d15107f]" started-at="2024-07-06T18:13:09 IST" name="launchApplication" finished-at="2024-07-06T18:13:14 IST" duration-ms="5342" status="PASS">
          <reporter-output>
          </reporter-output>
        </test-method> <!-- launchApplication -->
        <test-method signature="StandAloneTestforpageobject(java.util.HashMap)[pri:0, instance:SeleniumFramework.Tests.StandAloneTestforpageobjectTest@4d15107f]" started-at="2024-07-06T18:13:14 IST" name="StandAloneTestforpageobject" data-provider="getData" finished-at="2024-07-06T18:13:39 IST" duration-ms="24360" status="PASS">
          <params>
            <param index="0">
              <value>
                <![CDATA[{password=Samkumar@1814, email=Shankar@gmail.com, productName=ADIDAS ORIGINAL}]]>
              </value>
            </param>
          </params>
          <reporter-output>
          </reporter-output>
        </test-method> <!-- StandAloneTestforpageobject -->
        <test-method is-config="true" signature="teardown()[pri:0, instance:SeleniumFramework.Tests.StandAloneTestforpageobjectTest@4d15107f]" started-at="2024-07-06T18:13:39 IST" name="teardown" finished-at="2024-07-06T18:13:41 IST" duration-ms="1757" status="PASS">
          <reporter-output>
          </reporter-output>
        </test-method> <!-- teardown -->
      </class> <!-- SeleniumFramework.Tests.StandAloneTestforpageobjectTest -->
    </test> <!-- StandAlone Test -->
  </suite> <!-- Suite -->
</testng-results>
